2024-12-05 14:23:18,927 DEBUG    root            Loaded Command Group: ['gcloud', 'components']
2024-12-05 14:23:18,932 DEBUG    root            Loaded Command Group: ['gcloud', 'components', 'update']
2024-12-05 14:23:18,936 DEBUG    root            Running [gcloud.components.update] with arguments: [--compile-python: "True", --quiet: "True", COMPONENT-IDS:6: "['core', 'gcloud-deps', 'bq', 'gcloud', 'gcloud-crc32c', 'gsutil']"]
2024-12-05 14:23:18,937 INFO     ___FILE_ONLY___ Beginning update. This process may take several minutes.

2024-12-05 14:23:18,976 DEBUG    urllib3.connectionpool Starting new HTTPS connection (1): dl.google.com:443
2024-12-05 14:23:19,077 DEBUG    urllib3.connectionpool https://dl.google.com:443 "GET /dl/cloudsdk/channels/rapid/components-2.json HTTP/1.1" 200 227816
2024-12-05 14:23:19,100 INFO     ___FILE_ONLY___ 

2024-12-05 14:23:19,100 INFO     ___FILE_ONLY___ 
Your current Google Cloud CLI version is: 502.0.0

2024-12-05 14:23:19,100 INFO     ___FILE_ONLY___ Installing components from version: 502.0.0

2024-12-05 14:23:19,101 INFO     ___FILE_ONLY___ 

2024-12-05 14:23:19,101 DEBUG    root            Chosen display Format:table[box,title="These components will be removed."](details.display_name:label=Name:align=left,version.version_string:label=Version:align=right,data.size.size(zero="",min=1048576):label=Size:align=right)
2024-12-05 14:23:19,102 DEBUG    root            Chosen display Format:table[box,title="These components will be updated."](details.display_name:label=Name:align=left,version.version_string:label=Version:align=right,data.size.size(zero="",min=1048576):label=Size:align=right)
2024-12-05 14:23:19,103 DEBUG    root            Chosen display Format:table[box,title="These components will be installed."](details.display_name:label=Name:align=left,version.version_string:label=Version:align=right,data.size.size(zero="",min=1048576):label=Size:align=right)
2024-12-05 14:23:19,157 INFO     ___FILE_ONLY___ ┌─────────────────────────────────────────────────────────────────────────────┐
2024-12-05 14:23:19,158 INFO     ___FILE_ONLY___ 

2024-12-05 14:23:19,158 INFO     ___FILE_ONLY___ │                     These components will be installed.                     │
2024-12-05 14:23:19,158 INFO     ___FILE_ONLY___ 

2024-12-05 14:23:19,158 INFO     ___FILE_ONLY___ ├─────────────────────────────────────────────────────┬────────────┬──────────┤
2024-12-05 14:23:19,158 INFO     ___FILE_ONLY___ 

2024-12-05 14:23:19,158 INFO     ___FILE_ONLY___ │                         Name                        │  Version   │   Size   │
2024-12-05 14:23:19,158 INFO     ___FILE_ONLY___ 

2024-12-05 14:23:19,158 INFO     ___FILE_ONLY___ ├─────────────────────────────────────────────────────┼────────────┼──────────┤
2024-12-05 14:23:19,158 INFO     ___FILE_ONLY___ 

2024-12-05 14:23:19,158 INFO     ___FILE_ONLY___ │ 
2024-12-05 14:23:19,158 INFO     ___FILE_ONLY___ BigQuery Command Line Tool                         
2024-12-05 14:23:19,159 INFO     ___FILE_ONLY___  
2024-12-05 14:23:19,159 INFO     ___FILE_ONLY___ │ 
2024-12-05 14:23:19,159 INFO     ___FILE_ONLY___      2.1.9
2024-12-05 14:23:19,159 INFO     ___FILE_ONLY___  
2024-12-05 14:23:19,159 INFO     ___FILE_ONLY___ │ 
2024-12-05 14:23:19,159 INFO     ___FILE_ONLY___  1.7 MiB
2024-12-05 14:23:19,159 INFO     ___FILE_ONLY___  
2024-12-05 14:23:19,159 INFO     ___FILE_ONLY___ │
2024-12-05 14:23:19,159 INFO     ___FILE_ONLY___ 

2024-12-05 14:23:19,159 INFO     ___FILE_ONLY___ │ 
2024-12-05 14:23:19,160 INFO     ___FILE_ONLY___ BigQuery Command Line Tool (Platform Specific)     
2024-12-05 14:23:19,160 INFO     ___FILE_ONLY___  
2024-12-05 14:23:19,160 INFO     ___FILE_ONLY___ │ 
2024-12-05 14:23:19,160 INFO     ___FILE_ONLY___      2.1.8
2024-12-05 14:23:19,160 INFO     ___FILE_ONLY___  
2024-12-05 14:23:19,160 INFO     ___FILE_ONLY___ │ 
2024-12-05 14:23:19,160 INFO     ___FILE_ONLY___  < 1 MiB
2024-12-05 14:23:19,160 INFO     ___FILE_ONLY___  
2024-12-05 14:23:19,160 INFO     ___FILE_ONLY___ │
2024-12-05 14:23:19,160 INFO     ___FILE_ONLY___ 

2024-12-05 14:23:19,160 INFO     ___FILE_ONLY___ │ 
2024-12-05 14:23:19,161 INFO     ___FILE_ONLY___ Bundled Python 3.11 (Platform Specific)            
2024-12-05 14:23:19,161 INFO     ___FILE_ONLY___  
2024-12-05 14:23:19,161 INFO     ___FILE_ONLY___ │ 
2024-12-05 14:23:19,161 INFO     ___FILE_ONLY___     3.11.9
2024-12-05 14:23:19,161 INFO     ___FILE_ONLY___  
2024-12-05 14:23:19,161 INFO     ___FILE_ONLY___ │ 
2024-12-05 14:23:19,161 INFO     ___FILE_ONLY___ 74.4 MiB
2024-12-05 14:23:19,161 INFO     ___FILE_ONLY___  
2024-12-05 14:23:19,161 INFO     ___FILE_ONLY___ │
2024-12-05 14:23:19,161 INFO     ___FILE_ONLY___ 

2024-12-05 14:23:19,161 INFO     ___FILE_ONLY___ │ 
2024-12-05 14:23:19,162 INFO     ___FILE_ONLY___ Cloud Storage Command Line Tool                    
2024-12-05 14:23:19,162 INFO     ___FILE_ONLY___  
2024-12-05 14:23:19,162 INFO     ___FILE_ONLY___ │ 
2024-12-05 14:23:19,162 INFO     ___FILE_ONLY___       5.31
2024-12-05 14:23:19,162 INFO     ___FILE_ONLY___  
2024-12-05 14:23:19,162 INFO     ___FILE_ONLY___ │ 
2024-12-05 14:23:19,162 INFO     ___FILE_ONLY___ 11.3 MiB
2024-12-05 14:23:19,162 INFO     ___FILE_ONLY___  
2024-12-05 14:23:19,162 INFO     ___FILE_ONLY___ │
2024-12-05 14:23:19,162 INFO     ___FILE_ONLY___ 

2024-12-05 14:23:19,162 INFO     ___FILE_ONLY___ │ 
2024-12-05 14:23:19,163 INFO     ___FILE_ONLY___ Cloud Storage Command Line Tool (Platform Specific)
2024-12-05 14:23:19,163 INFO     ___FILE_ONLY___  
2024-12-05 14:23:19,163 INFO     ___FILE_ONLY___ │ 
2024-12-05 14:23:19,163 INFO     ___FILE_ONLY___       5.30
2024-12-05 14:23:19,163 INFO     ___FILE_ONLY___  
2024-12-05 14:23:19,163 INFO     ___FILE_ONLY___ │ 
2024-12-05 14:23:19,163 INFO     ___FILE_ONLY___  < 1 MiB
2024-12-05 14:23:19,163 INFO     ___FILE_ONLY___  
2024-12-05 14:23:19,163 INFO     ___FILE_ONLY___ │
2024-12-05 14:23:19,164 INFO     ___FILE_ONLY___ 

2024-12-05 14:23:19,164 INFO     ___FILE_ONLY___ │ 
2024-12-05 14:23:19,164 INFO     ___FILE_ONLY___ Google Cloud CLI Core Libraries (Platform Specific)
2024-12-05 14:23:19,164 INFO     ___FILE_ONLY___  
2024-12-05 14:23:19,164 INFO     ___FILE_ONLY___ │ 
2024-12-05 14:23:19,164 INFO     ___FILE_ONLY___ 2024.08.30
2024-12-05 14:23:19,164 INFO     ___FILE_ONLY___  
2024-12-05 14:23:19,164 INFO     ___FILE_ONLY___ │ 
2024-12-05 14:23:19,164 INFO     ___FILE_ONLY___  < 1 MiB
2024-12-05 14:23:19,164 INFO     ___FILE_ONLY___  
2024-12-05 14:23:19,165 INFO     ___FILE_ONLY___ │
2024-12-05 14:23:19,165 INFO     ___FILE_ONLY___ 

2024-12-05 14:23:19,165 INFO     ___FILE_ONLY___ │ 
2024-12-05 14:23:19,165 INFO     ___FILE_ONLY___ Google Cloud CRC32C Hash Tool (Platform Specific)  
2024-12-05 14:23:19,165 INFO     ___FILE_ONLY___  
2024-12-05 14:23:19,165 INFO     ___FILE_ONLY___ │ 
2024-12-05 14:23:19,165 INFO     ___FILE_ONLY___      1.0.0
2024-12-05 14:23:19,165 INFO     ___FILE_ONLY___  
2024-12-05 14:23:19,165 INFO     ___FILE_ONLY___ │ 
2024-12-05 14:23:19,165 INFO     ___FILE_ONLY___  1.3 MiB
2024-12-05 14:23:19,166 INFO     ___FILE_ONLY___  
2024-12-05 14:23:19,166 INFO     ___FILE_ONLY___ │
2024-12-05 14:23:19,166 INFO     ___FILE_ONLY___ 

2024-12-05 14:23:19,166 INFO     ___FILE_ONLY___ │ 
2024-12-05 14:23:19,166 INFO     ___FILE_ONLY___ gcloud cli dependencies (Platform Specific)        
2024-12-05 14:23:19,166 INFO     ___FILE_ONLY___  
2024-12-05 14:23:19,166 INFO     ___FILE_ONLY___ │ 
2024-12-05 14:23:19,166 INFO     ___FILE_ONLY___ 2021.04.16
2024-12-05 14:23:19,166 INFO     ___FILE_ONLY___  
2024-12-05 14:23:19,166 INFO     ___FILE_ONLY___ │ 
2024-12-05 14:23:19,166 INFO     ___FILE_ONLY___  < 1 MiB
2024-12-05 14:23:19,167 INFO     ___FILE_ONLY___  
2024-12-05 14:23:19,167 INFO     ___FILE_ONLY___ │
2024-12-05 14:23:19,167 INFO     ___FILE_ONLY___ 

2024-12-05 14:23:19,167 INFO     ___FILE_ONLY___ └─────────────────────────────────────────────────────┴────────────┴──────────┘
2024-12-05 14:23:19,167 INFO     ___FILE_ONLY___ 

2024-12-05 14:23:19,167 INFO     ___FILE_ONLY___ 

2024-12-05 14:23:19,171 DEBUG    urllib3.connectionpool Starting new HTTPS connection (1): dl.google.com:443
2024-12-05 14:23:19,371 DEBUG    urllib3.connectionpool https://dl.google.com:443 "GET /dl/cloudsdk/channels/rapid/RELEASE_NOTES HTTP/1.1" 200 1314602
2024-12-05 14:23:19,405 INFO     ___FILE_ONLY___ For the latest full release notes, please visit:
  https://cloud.google.com/sdk/release_notes


2024-12-05 14:23:19,405 INFO     ___FILE_ONLY___ Performing in place update...


2024-12-05 14:23:19,408 INFO     ___FILE_ONLY___ ╔════════════════════════════════════════════════════════════╗

2024-12-05 14:23:19,408 INFO     ___FILE_ONLY___ ╠═ Downloading: BigQuery Command Line Tool                  ═╣

2024-12-05 14:23:19,408 INFO     ___FILE_ONLY___ ╚
2024-12-05 14:23:19,411 DEBUG    urllib3.connectionpool Starting new HTTPS connection (1): dl.google.com:443
2024-12-05 14:23:19,587 DEBUG    urllib3.connectionpool https://dl.google.com:443 "GET /dl/cloudsdk/channels/rapid/components/google-cloud-sdk-bq-20241011151610.tar.gz HTTP/1.1" 200 1831026
2024-12-05 14:23:19,599 INFO     ___FILE_ONLY___ ═
2024-12-05 14:23:19,599 INFO     ___FILE_ONLY___ ═
2024-12-05 14:23:19,599 INFO     ___FILE_ONLY___ ═
2024-12-05 14:23:19,600 INFO     ___FILE_ONLY___ ═
2024-12-05 14:23:19,600 INFO     ___FILE_ONLY___ ═
2024-12-05 14:23:19,600 INFO     ___FILE_ONLY___ ═
2024-12-05 14:23:19,600 INFO     ___FILE_ONLY___ ═
2024-12-05 14:23:19,600 INFO     ___FILE_ONLY___ ═
2024-12-05 14:23:19,600 INFO     ___FILE_ONLY___ ═
2024-12-05 14:23:19,600 INFO     ___FILE_ONLY___ ═
2024-12-05 14:23:19,600 INFO     ___FILE_ONLY___ ═
2024-12-05 14:23:19,600 INFO     ___FILE_ONLY___ ═
2024-12-05 14:23:19,601 INFO     ___FILE_ONLY___ ═
2024-12-05 14:23:19,601 INFO     ___FILE_ONLY___ ═
2024-12-05 14:23:19,601 INFO     ___FILE_ONLY___ ═
2024-12-05 14:23:19,601 INFO     ___FILE_ONLY___ ═
2024-12-05 14:23:19,601 INFO     ___FILE_ONLY___ ═
2024-12-05 14:23:19,601 INFO     ___FILE_ONLY___ ═
2024-12-05 14:23:19,601 INFO     ___FILE_ONLY___ ═
2024-12-05 14:23:19,601 INFO     ___FILE_ONLY___ ═
2024-12-05 14:23:19,601 INFO     ___FILE_ONLY___ ═
2024-12-05 14:23:19,601 INFO     ___FILE_ONLY___ ═
2024-12-05 14:23:19,602 INFO     ___FILE_ONLY___ ═
2024-12-05 14:23:19,602 INFO     ___FILE_ONLY___ ═
2024-12-05 14:23:19,602 INFO     ___FILE_ONLY___ ═
2024-12-05 14:23:19,602 INFO     ___FILE_ONLY___ ═
2024-12-05 14:23:19,602 INFO     ___FILE_ONLY___ ═
2024-12-05 14:23:19,602 INFO     ___FILE_ONLY___ ═
2024-12-05 14:23:19,602 INFO     ___FILE_ONLY___ ═
2024-12-05 14:23:19,602 INFO     ___FILE_ONLY___ ═
2024-12-05 14:23:19,602 INFO     ___FILE_ONLY___ ═
2024-12-05 14:23:19,603 INFO     ___FILE_ONLY___ ═
2024-12-05 14:23:19,603 INFO     ___FILE_ONLY___ ═
2024-12-05 14:23:19,603 INFO     ___FILE_ONLY___ ═
2024-12-05 14:23:19,603 INFO     ___FILE_ONLY___ ═
2024-12-05 14:23:19,603 INFO     ___FILE_ONLY___ ═
2024-12-05 14:23:19,603 INFO     ___FILE_ONLY___ ═
2024-12-05 14:23:19,603 INFO     ___FILE_ONLY___ ═
2024-12-05 14:23:19,603 INFO     ___FILE_ONLY___ ═
2024-12-05 14:23:19,603 INFO     ___FILE_ONLY___ ═
2024-12-05 14:23:19,603 INFO     ___FILE_ONLY___ ═
2024-12-05 14:23:19,604 INFO     ___FILE_ONLY___ ═
2024-12-05 14:23:19,604 INFO     ___FILE_ONLY___ ═
2024-12-05 14:23:19,604 INFO     ___FILE_ONLY___ ═
2024-12-05 14:23:19,604 INFO     ___FILE_ONLY___ ═
2024-12-05 14:23:19,604 INFO     ___FILE_ONLY___ ═
2024-12-05 14:23:19,604 INFO     ___FILE_ONLY___ ═
2024-12-05 14:23:19,604 INFO     ___FILE_ONLY___ ═
2024-12-05 14:23:19,604 INFO     ___FILE_ONLY___ ═
2024-12-05 14:23:19,604 INFO     ___FILE_ONLY___ ═
2024-12-05 14:23:19,605 INFO     ___FILE_ONLY___ ═
2024-12-05 14:23:19,605 INFO     ___FILE_ONLY___ ═
2024-12-05 14:23:19,605 INFO     ___FILE_ONLY___ ═
2024-12-05 14:23:19,605 INFO     ___FILE_ONLY___ ═
2024-12-05 14:23:19,605 INFO     ___FILE_ONLY___ ═
2024-12-05 14:23:19,605 INFO     ___FILE_ONLY___ ═
2024-12-05 14:23:19,605 INFO     ___FILE_ONLY___ ═
2024-12-05 14:23:19,605 INFO     ___FILE_ONLY___ ═
2024-12-05 14:23:19,605 INFO     ___FILE_ONLY___ ═
2024-12-05 14:23:19,606 INFO     ___FILE_ONLY___ ═
2024-12-05 14:23:19,606 INFO     ___FILE_ONLY___ ╝

2024-12-05 14:23:19,608 INFO     ___FILE_ONLY___ ╔════════════════════════════════════════════════════════════╗

2024-12-05 14:23:19,608 INFO     ___FILE_ONLY___ ╠═ Downloading: BigQuery Command Line Tool (Platform Spe... ═╣

2024-12-05 14:23:19,608 INFO     ___FILE_ONLY___ ╚
2024-12-05 14:23:19,611 DEBUG    urllib3.connectionpool Starting new HTTPS connection (1): dl.google.com:443
2024-12-05 14:23:19,815 DEBUG    urllib3.connectionpool https://dl.google.com:443 "GET /dl/cloudsdk/channels/rapid/components/google-cloud-sdk-bq-nix-20240830134514.tar.gz HTTP/1.1" 200 1914
2024-12-05 14:23:19,816 INFO     ___FILE_ONLY___ ════════════════════════════════════════════════════════════
2024-12-05 14:23:19,816 INFO     ___FILE_ONLY___ ╝

2024-12-05 14:23:19,818 INFO     ___FILE_ONLY___ ╔════════════════════════════════════════════════════════════╗

2024-12-05 14:23:19,819 INFO     ___FILE_ONLY___ ╠═ Downloading: Bundled Python 3.11                         ═╣

2024-12-05 14:23:19,819 INFO     ___FILE_ONLY___ ╚
2024-12-05 14:23:19,819 INFO     ___FILE_ONLY___ ════════════════════════════════════════════════════════════
2024-12-05 14:23:19,819 INFO     ___FILE_ONLY___ ╝

2024-12-05 14:23:19,821 INFO     ___FILE_ONLY___ ╔════════════════════════════════════════════════════════════╗

2024-12-05 14:23:19,821 INFO     ___FILE_ONLY___ ╠═ Downloading: Bundled Python 3.11 (Platform Specific)     ═╣

2024-12-05 14:23:19,821 INFO     ___FILE_ONLY___ ╚
2024-12-05 14:23:19,824 DEBUG    urllib3.connectionpool Starting new HTTPS connection (1): dl.google.com:443
2024-12-05 14:23:19,979 DEBUG    urllib3.connectionpool https://dl.google.com:443 "GET /dl/cloudsdk/channels/rapid/components/google-cloud-sdk-bundled-python3-unix-linux-x86_64-20240920144119.tar.gz HTTP/1.1" 200 78001783
2024-12-05 14:23:20,251 INFO     ___FILE_ONLY___ ═
2024-12-05 14:23:20,252 INFO     ___FILE_ONLY___ ═
2024-12-05 14:23:20,254 INFO     ___FILE_ONLY___ ═
2024-12-05 14:23:20,255 INFO     ___FILE_ONLY___ ═
2024-12-05 14:23:20,257 INFO     ___FILE_ONLY___ ═
2024-12-05 14:23:20,258 INFO     ___FILE_ONLY___ ═
2024-12-05 14:23:20,260 INFO     ___FILE_ONLY___ ═
2024-12-05 14:23:20,261 INFO     ___FILE_ONLY___ ═
2024-12-05 14:23:20,263 INFO     ___FILE_ONLY___ ═
2024-12-05 14:23:20,265 INFO     ___FILE_ONLY___ ═
2024-12-05 14:23:20,266 INFO     ___FILE_ONLY___ ═
2024-12-05 14:23:20,268 INFO     ___FILE_ONLY___ ═
2024-12-05 14:23:20,269 INFO     ___FILE_ONLY___ ═
2024-12-05 14:23:20,271 INFO     ___FILE_ONLY___ ═
2024-12-05 14:23:20,272 INFO     ___FILE_ONLY___ ═
2024-12-05 14:23:20,274 INFO     ___FILE_ONLY___ ═
2024-12-05 14:23:20,275 INFO     ___FILE_ONLY___ ═
2024-12-05 14:23:20,277 INFO     ___FILE_ONLY___ ═
2024-12-05 14:23:20,279 INFO     ___FILE_ONLY___ ═
2024-12-05 14:23:20,280 INFO     ___FILE_ONLY___ ═
2024-12-05 14:23:20,282 INFO     ___FILE_ONLY___ ═
2024-12-05 14:23:20,283 INFO     ___FILE_ONLY___ ═
2024-12-05 14:23:20,285 INFO     ___FILE_ONLY___ ═
2024-12-05 14:23:20,286 INFO     ___FILE_ONLY___ ═
2024-12-05 14:23:20,288 INFO     ___FILE_ONLY___ ═
2024-12-05 14:23:20,289 INFO     ___FILE_ONLY___ ═
2024-12-05 14:23:20,291 INFO     ___FILE_ONLY___ ═
2024-12-05 14:23:20,292 INFO     ___FILE_ONLY___ ═
2024-12-05 14:23:20,294 INFO     ___FILE_ONLY___ ═
2024-12-05 14:23:20,295 INFO     ___FILE_ONLY___ ═
2024-12-05 14:23:20,297 INFO     ___FILE_ONLY___ ═
2024-12-05 14:23:20,298 INFO     ___FILE_ONLY___ ═
2024-12-05 14:23:20,300 INFO     ___FILE_ONLY___ ═
2024-12-05 14:23:20,301 INFO     ___FILE_ONLY___ ═
2024-12-05 14:23:20,303 INFO     ___FILE_ONLY___ ═
2024-12-05 14:23:20,304 INFO     ___FILE_ONLY___ ═
2024-12-05 14:23:20,306 INFO     ___FILE_ONLY___ ═
2024-12-05 14:23:20,308 INFO     ___FILE_ONLY___ ═
2024-12-05 14:23:20,309 INFO     ___FILE_ONLY___ ═
2024-12-05 14:23:20,311 INFO     ___FILE_ONLY___ ═
2024-12-05 14:23:20,312 INFO     ___FILE_ONLY___ ═
2024-12-05 14:23:20,314 INFO     ___FILE_ONLY___ ═
2024-12-05 14:23:20,315 INFO     ___FILE_ONLY___ ═
2024-12-05 14:23:20,317 INFO     ___FILE_ONLY___ ═
2024-12-05 14:23:20,318 INFO     ___FILE_ONLY___ ═
2024-12-05 14:23:20,320 INFO     ___FILE_ONLY___ ═
2024-12-05 14:23:20,321 INFO     ___FILE_ONLY___ ═
2024-12-05 14:23:20,323 INFO     ___FILE_ONLY___ ═
2024-12-05 14:23:20,325 INFO     ___FILE_ONLY___ ═
2024-12-05 14:23:20,326 INFO     ___FILE_ONLY___ ═
2024-12-05 14:23:20,328 INFO     ___FILE_ONLY___ ═
2024-12-05 14:23:20,329 INFO     ___FILE_ONLY___ ═
2024-12-05 14:23:20,331 INFO     ___FILE_ONLY___ ═
2024-12-05 14:23:20,332 INFO     ___FILE_ONLY___ ═
2024-12-05 14:23:20,334 INFO     ___FILE_ONLY___ ═
2024-12-05 14:23:20,335 INFO     ___FILE_ONLY___ ═
2024-12-05 14:23:20,337 INFO     ___FILE_ONLY___ ═
2024-12-05 14:23:20,338 INFO     ___FILE_ONLY___ ═
2024-12-05 14:23:20,340 INFO     ___FILE_ONLY___ ═
2024-12-05 14:23:20,342 INFO     ___FILE_ONLY___ ═
2024-12-05 14:23:20,342 INFO     ___FILE_ONLY___ ╝

2024-12-05 14:23:20,344 INFO     ___FILE_ONLY___ ╔════════════════════════════════════════════════════════════╗

2024-12-05 14:23:20,344 INFO     ___FILE_ONLY___ ╠═ Downloading: Cloud Storage Command Line Tool             ═╣

2024-12-05 14:23:20,344 INFO     ___FILE_ONLY___ ╚
2024-12-05 14:23:20,353 DEBUG    urllib3.connectionpool Starting new HTTPS connection (1): dl.google.com:443
2024-12-05 14:23:20,529 DEBUG    urllib3.connectionpool https://dl.google.com:443 "GET /dl/cloudsdk/channels/rapid/components/google-cloud-sdk-gsutil-20241011151610.tar.gz HTTP/1.1" 200 11831021
2024-12-05 14:23:20,565 INFO     ___FILE_ONLY___ ═
2024-12-05 14:23:20,565 INFO     ___FILE_ONLY___ ═
2024-12-05 14:23:20,566 INFO     ___FILE_ONLY___ ═
2024-12-05 14:23:20,566 INFO     ___FILE_ONLY___ ═
2024-12-05 14:23:20,566 INFO     ___FILE_ONLY___ ═
2024-12-05 14:23:20,567 INFO     ___FILE_ONLY___ ═
2024-12-05 14:23:20,567 INFO     ___FILE_ONLY___ ═
2024-12-05 14:23:20,567 INFO     ___FILE_ONLY___ ═
2024-12-05 14:23:20,568 INFO     ___FILE_ONLY___ ═
2024-12-05 14:23:20,568 INFO     ___FILE_ONLY___ ═
2024-12-05 14:23:20,568 INFO     ___FILE_ONLY___ ═
2024-12-05 14:23:20,568 INFO     ___FILE_ONLY___ ═
2024-12-05 14:23:20,569 INFO     ___FILE_ONLY___ ═
2024-12-05 14:23:20,569 INFO     ___FILE_ONLY___ ═
2024-12-05 14:23:20,569 INFO     ___FILE_ONLY___ ═
2024-12-05 14:23:20,570 INFO     ___FILE_ONLY___ ═
2024-12-05 14:23:20,570 INFO     ___FILE_ONLY___ ═
2024-12-05 14:23:20,570 INFO     ___FILE_ONLY___ ═
2024-12-05 14:23:20,570 INFO     ___FILE_ONLY___ ═
2024-12-05 14:23:20,571 INFO     ___FILE_ONLY___ ═
2024-12-05 14:23:20,571 INFO     ___FILE_ONLY___ ═
2024-12-05 14:23:20,571 INFO     ___FILE_ONLY___ ═
2024-12-05 14:23:20,572 INFO     ___FILE_ONLY___ ═
2024-12-05 14:23:20,572 INFO     ___FILE_ONLY___ ═
2024-12-05 14:23:20,572 INFO     ___FILE_ONLY___ ═
2024-12-05 14:23:20,573 INFO     ___FILE_ONLY___ ═
2024-12-05 14:23:20,573 INFO     ___FILE_ONLY___ ═
2024-12-05 14:23:20,573 INFO     ___FILE_ONLY___ ═
2024-12-05 14:23:20,573 INFO     ___FILE_ONLY___ ═
2024-12-05 14:23:20,574 INFO     ___FILE_ONLY___ ═
2024-12-05 14:23:20,574 INFO     ___FILE_ONLY___ ═
2024-12-05 14:23:20,574 INFO     ___FILE_ONLY___ ═
2024-12-05 14:23:20,575 INFO     ___FILE_ONLY___ ═
2024-12-05 14:23:20,575 INFO     ___FILE_ONLY___ ═
2024-12-05 14:23:20,575 INFO     ___FILE_ONLY___ ═
2024-12-05 14:23:20,575 INFO     ___FILE_ONLY___ ═
2024-12-05 14:23:20,576 INFO     ___FILE_ONLY___ ═
2024-12-05 14:23:20,576 INFO     ___FILE_ONLY___ ═
2024-12-05 14:23:20,576 INFO     ___FILE_ONLY___ ═
2024-12-05 14:23:20,577 INFO     ___FILE_ONLY___ ═
2024-12-05 14:23:20,577 INFO     ___FILE_ONLY___ ═
2024-12-05 14:23:20,577 INFO     ___FILE_ONLY___ ═
2024-12-05 14:23:20,577 INFO     ___FILE_ONLY___ ═
2024-12-05 14:23:20,578 INFO     ___FILE_ONLY___ ═
2024-12-05 14:23:20,578 INFO     ___FILE_ONLY___ ═
2024-12-05 14:23:20,578 INFO     ___FILE_ONLY___ ═
2024-12-05 14:23:20,579 INFO     ___FILE_ONLY___ ═
2024-12-05 14:23:20,579 INFO     ___FILE_ONLY___ ═
2024-12-05 14:23:20,579 INFO     ___FILE_ONLY___ ═
2024-12-05 14:23:20,580 INFO     ___FILE_ONLY___ ═
2024-12-05 14:23:20,580 INFO     ___FILE_ONLY___ ═
2024-12-05 14:23:20,580 INFO     ___FILE_ONLY___ ═
2024-12-05 14:23:20,580 INFO     ___FILE_ONLY___ ═
2024-12-05 14:23:20,581 INFO     ___FILE_ONLY___ ═
2024-12-05 14:23:20,581 INFO     ___FILE_ONLY___ ═
2024-12-05 14:23:20,581 INFO     ___FILE_ONLY___ ═
2024-12-05 14:23:20,582 INFO     ___FILE_ONLY___ ═
2024-12-05 14:23:20,582 INFO     ___FILE_ONLY___ ═
2024-12-05 14:23:20,582 INFO     ___FILE_ONLY___ ═
2024-12-05 14:23:20,582 INFO     ___FILE_ONLY___ ═
2024-12-05 14:23:20,583 INFO     ___FILE_ONLY___ ╝

2024-12-05 14:23:20,585 INFO     ___FILE_ONLY___ ╔════════════════════════════════════════════════════════════╗

2024-12-05 14:23:20,585 INFO     ___FILE_ONLY___ ╠═ Downloading: Cloud Storage Command Line Tool (Platfor... ═╣

2024-12-05 14:23:20,585 INFO     ___FILE_ONLY___ ╚
2024-12-05 14:23:20,588 DEBUG    urllib3.connectionpool Starting new HTTPS connection (1): dl.google.com:443
2024-12-05 14:23:20,786 DEBUG    urllib3.connectionpool https://dl.google.com:443 "GET /dl/cloudsdk/channels/rapid/components/google-cloud-sdk-gsutil-nix-20240830134514.tar.gz HTTP/1.1" 200 1928
2024-12-05 14:23:20,787 INFO     ___FILE_ONLY___ ════════════════════════════════════════════════════════════
2024-12-05 14:23:20,787 INFO     ___FILE_ONLY___ ╝

2024-12-05 14:23:20,789 INFO     ___FILE_ONLY___ ╔════════════════════════════════════════════════════════════╗

2024-12-05 14:23:20,789 INFO     ___FILE_ONLY___ ╠═ Downloading: Default set of gcloud commands              ═╣

2024-12-05 14:23:20,789 INFO     ___FILE_ONLY___ ╚
2024-12-05 14:23:20,789 INFO     ___FILE_ONLY___ ════════════════════════════════════════════════════════════
2024-12-05 14:23:20,789 INFO     ___FILE_ONLY___ ╝

2024-12-05 14:23:20,791 INFO     ___FILE_ONLY___ ╔════════════════════════════════════════════════════════════╗

2024-12-05 14:23:20,791 INFO     ___FILE_ONLY___ ╠═ Downloading: Google Cloud CLI Core Libraries (Platfor... ═╣

2024-12-05 14:23:20,791 INFO     ___FILE_ONLY___ ╚
2024-12-05 14:23:20,795 DEBUG    urllib3.connectionpool Starting new HTTPS connection (1): dl.google.com:443
2024-12-05 14:23:20,967 DEBUG    urllib3.connectionpool https://dl.google.com:443 "GET /dl/cloudsdk/channels/rapid/components/google-cloud-sdk-core-nix-20240830134514.tar.gz HTTP/1.1" 200 2306
2024-12-05 14:23:20,968 INFO     ___FILE_ONLY___ ════════════════════════════════════════════════════════════
2024-12-05 14:23:20,968 INFO     ___FILE_ONLY___ ╝

2024-12-05 14:23:20,970 INFO     ___FILE_ONLY___ ╔════════════════════════════════════════════════════════════╗

2024-12-05 14:23:20,970 INFO     ___FILE_ONLY___ ╠═ Downloading: Google Cloud CRC32C Hash Tool               ═╣

2024-12-05 14:23:20,971 INFO     ___FILE_ONLY___ ╚
2024-12-05 14:23:20,971 INFO     ___FILE_ONLY___ ════════════════════════════════════════════════════════════
2024-12-05 14:23:20,971 INFO     ___FILE_ONLY___ ╝

2024-12-05 14:23:20,972 INFO     ___FILE_ONLY___ ╔════════════════════════════════════════════════════════════╗

2024-12-05 14:23:20,973 INFO     ___FILE_ONLY___ ╠═ Downloading: Google Cloud CRC32C Hash Tool (Platform ... ═╣

2024-12-05 14:23:20,973 INFO     ___FILE_ONLY___ ╚
2024-12-05 14:23:20,976 DEBUG    urllib3.connectionpool Starting new HTTPS connection (1): dl.google.com:443
2024-12-05 14:23:21,179 DEBUG    urllib3.connectionpool https://dl.google.com:443 "GET /dl/cloudsdk/channels/rapid/components/google-cloud-sdk-gcloud-crc32c-linux-x86_64-20240712142834.tar.gz HTTP/1.1" 200 1350263
2024-12-05 14:23:21,188 INFO     ___FILE_ONLY___ ═
2024-12-05 14:23:21,188 INFO     ___FILE_ONLY___ ═
2024-12-05 14:23:21,188 INFO     ___FILE_ONLY___ ═
2024-12-05 14:23:21,188 INFO     ___FILE_ONLY___ ═
2024-12-05 14:23:21,188 INFO     ___FILE_ONLY___ ═
2024-12-05 14:23:21,188 INFO     ___FILE_ONLY___ ═
2024-12-05 14:23:21,189 INFO     ___FILE_ONLY___ ═
2024-12-05 14:23:21,189 INFO     ___FILE_ONLY___ ═
2024-12-05 14:23:21,189 INFO     ___FILE_ONLY___ ═
2024-12-05 14:23:21,189 INFO     ___FILE_ONLY___ ═
2024-12-05 14:23:21,189 INFO     ___FILE_ONLY___ ═
2024-12-05 14:23:21,189 INFO     ___FILE_ONLY___ ═
2024-12-05 14:23:21,189 INFO     ___FILE_ONLY___ ═
2024-12-05 14:23:21,189 INFO     ___FILE_ONLY___ ═
2024-12-05 14:23:21,189 INFO     ___FILE_ONLY___ ═
2024-12-05 14:23:21,189 INFO     ___FILE_ONLY___ ═
2024-12-05 14:23:21,189 INFO     ___FILE_ONLY___ ═
2024-12-05 14:23:21,190 INFO     ___FILE_ONLY___ ═
2024-12-05 14:23:21,190 INFO     ___FILE_ONLY___ ═
2024-12-05 14:23:21,190 INFO     ___FILE_ONLY___ ═
2024-12-05 14:23:21,190 INFO     ___FILE_ONLY___ ═
2024-12-05 14:23:21,190 INFO     ___FILE_ONLY___ ═
2024-12-05 14:23:21,190 INFO     ___FILE_ONLY___ ═
2024-12-05 14:23:21,190 INFO     ___FILE_ONLY___ ═
2024-12-05 14:23:21,190 INFO     ___FILE_ONLY___ ═
2024-12-05 14:23:21,190 INFO     ___FILE_ONLY___ ═
2024-12-05 14:23:21,190 INFO     ___FILE_ONLY___ ═
2024-12-05 14:23:21,190 INFO     ___FILE_ONLY___ ═
2024-12-05 14:23:21,191 INFO     ___FILE_ONLY___ ═
2024-12-05 14:23:21,191 INFO     ___FILE_ONLY___ ═
2024-12-05 14:23:21,191 INFO     ___FILE_ONLY___ ═
2024-12-05 14:23:21,191 INFO     ___FILE_ONLY___ ═
2024-12-05 14:23:21,191 INFO     ___FILE_ONLY___ ═
2024-12-05 14:23:21,191 INFO     ___FILE_ONLY___ ═
2024-12-05 14:23:21,191 INFO     ___FILE_ONLY___ ═
2024-12-05 14:23:21,191 INFO     ___FILE_ONLY___ ═
2024-12-05 14:23:21,191 INFO     ___FILE_ONLY___ ═
2024-12-05 14:23:21,191 INFO     ___FILE_ONLY___ ═
2024-12-05 14:23:21,192 INFO     ___FILE_ONLY___ ═
2024-12-05 14:23:21,192 INFO     ___FILE_ONLY___ ═
2024-12-05 14:23:21,192 INFO     ___FILE_ONLY___ ═
2024-12-05 14:23:21,192 INFO     ___FILE_ONLY___ ═
2024-12-05 14:23:21,192 INFO     ___FILE_ONLY___ ═
2024-12-05 14:23:21,192 INFO     ___FILE_ONLY___ ═
2024-12-05 14:23:21,192 INFO     ___FILE_ONLY___ ═
2024-12-05 14:23:21,192 INFO     ___FILE_ONLY___ ═
2024-12-05 14:23:21,192 INFO     ___FILE_ONLY___ ═
2024-12-05 14:23:21,192 INFO     ___FILE_ONLY___ ═
2024-12-05 14:23:21,192 INFO     ___FILE_ONLY___ ═
2024-12-05 14:23:21,193 INFO     ___FILE_ONLY___ ═
2024-12-05 14:23:21,193 INFO     ___FILE_ONLY___ ═
2024-12-05 14:23:21,193 INFO     ___FILE_ONLY___ ═
2024-12-05 14:23:21,193 INFO     ___FILE_ONLY___ ═
2024-12-05 14:23:21,193 INFO     ___FILE_ONLY___ ═
2024-12-05 14:23:21,193 INFO     ___FILE_ONLY___ ═
2024-12-05 14:23:21,193 INFO     ___FILE_ONLY___ ═
2024-12-05 14:23:21,193 INFO     ___FILE_ONLY___ ═
2024-12-05 14:23:21,193 INFO     ___FILE_ONLY___ ═
2024-12-05 14:23:21,193 INFO     ___FILE_ONLY___ ═
2024-12-05 14:23:21,193 INFO     ___FILE_ONLY___ ═
2024-12-05 14:23:21,194 INFO     ___FILE_ONLY___ ╝

2024-12-05 14:23:21,196 INFO     ___FILE_ONLY___ ╔════════════════════════════════════════════════════════════╗

2024-12-05 14:23:21,196 INFO     ___FILE_ONLY___ ╠═ Downloading: gcloud cli dependencies (Platform Specific) ═╣

2024-12-05 14:23:21,196 INFO     ___FILE_ONLY___ ╚
2024-12-05 14:23:21,199 DEBUG    urllib3.connectionpool Starting new HTTPS connection (1): dl.google.com:443
2024-12-05 14:23:21,279 DEBUG    urllib3.connectionpool https://dl.google.com:443 "GET /dl/cloudsdk/channels/rapid/components/google-cloud-sdk-gcloud-deps-linux-x86_64-20210416153011.tar.gz HTTP/1.1" 200 104
2024-12-05 14:23:21,280 INFO     ___FILE_ONLY___ ════════════════════════════════════════════════════════════
2024-12-05 14:23:21,280 INFO     ___FILE_ONLY___ ╝

2024-12-05 14:23:21,282 INFO     ___FILE_ONLY___ ╔════════════════════════════════════════════════════════════╗

2024-12-05 14:23:21,282 INFO     ___FILE_ONLY___ ╠═ Installing: BigQuery Command Line Tool                   ═╣

2024-12-05 14:23:21,282 INFO     ___FILE_ONLY___ ╚
2024-12-05 14:23:21,401 INFO     ___FILE_ONLY___ ═
2024-12-05 14:23:21,404 INFO     ___FILE_ONLY___ ═
2024-12-05 14:23:21,406 INFO     ___FILE_ONLY___ ═
2024-12-05 14:23:21,409 INFO     ___FILE_ONLY___ ═
2024-12-05 14:23:21,412 INFO     ___FILE_ONLY___ ═
2024-12-05 14:23:21,414 INFO     ___FILE_ONLY___ ═
2024-12-05 14:23:21,416 INFO     ___FILE_ONLY___ ═
2024-12-05 14:23:21,419 INFO     ___FILE_ONLY___ ═
2024-12-05 14:23:21,421 INFO     ___FILE_ONLY___ ═
2024-12-05 14:23:21,424 INFO     ___FILE_ONLY___ ═
2024-12-05 14:23:21,426 INFO     ___FILE_ONLY___ ═
2024-12-05 14:23:21,428 INFO     ___FILE_ONLY___ ═
2024-12-05 14:23:21,430 INFO     ___FILE_ONLY___ ═
2024-12-05 14:23:21,433 INFO     ___FILE_ONLY___ ═
2024-12-05 14:23:21,435 INFO     ___FILE_ONLY___ ═
2024-12-05 14:23:21,438 INFO     ___FILE_ONLY___ ═
2024-12-05 14:23:21,440 INFO     ___FILE_ONLY___ ═
2024-12-05 14:23:21,443 INFO     ___FILE_ONLY___ ═
2024-12-05 14:23:21,446 INFO     ___FILE_ONLY___ ═
2024-12-05 14:23:21,448 INFO     ___FILE_ONLY___ ═
2024-12-05 14:23:21,450 INFO     ___FILE_ONLY___ ═
2024-12-05 14:23:21,453 INFO     ___FILE_ONLY___ ═
2024-12-05 14:23:21,455 INFO     ___FILE_ONLY___ ═
2024-12-05 14:23:21,457 INFO     ___FILE_ONLY___ ═
2024-12-05 14:23:21,459 INFO     ___FILE_ONLY___ ═
2024-12-05 14:23:21,461 INFO     ___FILE_ONLY___ ═
2024-12-05 14:23:21,464 INFO     ___FILE_ONLY___ ═
2024-12-05 14:23:21,466 INFO     ___FILE_ONLY___ ═
2024-12-05 14:23:21,470 INFO     ___FILE_ONLY___ ═
2024-12-05 14:23:21,472 INFO     ___FILE_ONLY___ ═
2024-12-05 14:23:21,474 INFO     ___FILE_ONLY___ ═
2024-12-05 14:23:21,477 INFO     ___FILE_ONLY___ ═
2024-12-05 14:23:21,480 INFO     ___FILE_ONLY___ ═
2024-12-05 14:23:21,483 INFO     ___FILE_ONLY___ ═
2024-12-05 14:23:21,492 INFO     ___FILE_ONLY___ ═
2024-12-05 14:23:21,493 INFO     ___FILE_ONLY___ ═
2024-12-05 14:23:21,496 INFO     ___FILE_ONLY___ ═
2024-12-05 14:23:21,501 INFO     ___FILE_ONLY___ ═
2024-12-05 14:23:21,503 INFO     ___FILE_ONLY___ ═
2024-12-05 14:23:21,506 INFO     ___FILE_ONLY___ ═
2024-12-05 14:23:21,508 INFO     ___FILE_ONLY___ ═
2024-12-05 14:23:21,510 INFO     ___FILE_ONLY___ ═
2024-12-05 14:23:21,516 INFO     ___FILE_ONLY___ ═
2024-12-05 14:23:21,518 INFO     ___FILE_ONLY___ ═
2024-12-05 14:23:21,520 INFO     ___FILE_ONLY___ ═
2024-12-05 14:23:21,523 INFO     ___FILE_ONLY___ ═
2024-12-05 14:23:21,525 INFO     ___FILE_ONLY___ ═
2024-12-05 14:23:21,527 INFO     ___FILE_ONLY___ ═
2024-12-05 14:23:21,530 INFO     ___FILE_ONLY___ ═
2024-12-05 14:23:21,533 INFO     ___FILE_ONLY___ ═
2024-12-05 14:23:21,535 INFO     ___FILE_ONLY___ ═
2024-12-05 14:23:21,537 INFO     ___FILE_ONLY___ ═
2024-12-05 14:23:21,539 INFO     ___FILE_ONLY___ ═
2024-12-05 14:23:21,541 INFO     ___FILE_ONLY___ ═
2024-12-05 14:23:21,544 INFO     ___FILE_ONLY___ ═
2024-12-05 14:23:21,546 INFO     ___FILE_ONLY___ ═
2024-12-05 14:23:21,548 INFO     ___FILE_ONLY___ ═
2024-12-05 14:23:21,550 INFO     ___FILE_ONLY___ ═
2024-12-05 14:23:21,552 INFO     ___FILE_ONLY___ ═
2024-12-05 14:23:21,555 INFO     ___FILE_ONLY___ ═
2024-12-05 14:23:21,555 INFO     ___FILE_ONLY___ ╝

2024-12-05 14:23:21,570 INFO     ___FILE_ONLY___ ╔════════════════════════════════════════════════════════════╗

2024-12-05 14:23:21,570 INFO     ___FILE_ONLY___ ╠═ Installing: BigQuery Command Line Tool (Platform Spec... ═╣

2024-12-05 14:23:21,570 INFO     ___FILE_ONLY___ ╚
2024-12-05 14:23:21,571 INFO     ___FILE_ONLY___ ════════════════════════════════════════════════════════════
2024-12-05 14:23:21,571 INFO     ___FILE_ONLY___ ╝

2024-12-05 14:23:21,578 INFO     ___FILE_ONLY___ ╔════════════════════════════════════════════════════════════╗

2024-12-05 14:23:21,578 INFO     ___FILE_ONLY___ ╠═ Installing: Bundled Python 3.11                          ═╣

2024-12-05 14:23:21,578 INFO     ___FILE_ONLY___ ╚
2024-12-05 14:23:21,583 INFO     ___FILE_ONLY___ ════════════════════════════════════════════════════════════
2024-12-05 14:23:21,583 INFO     ___FILE_ONLY___ ╝

2024-12-05 14:23:21,585 INFO     ___FILE_ONLY___ ╔════════════════════════════════════════════════════════════╗

2024-12-05 14:23:21,585 INFO     ___FILE_ONLY___ ╠═ Installing: Bundled Python 3.11 (Platform Specific)      ═╣

2024-12-05 14:23:21,585 INFO     ___FILE_ONLY___ ╚
2024-12-05 14:23:23,744 INFO     ___FILE_ONLY___ ═
2024-12-05 14:23:23,759 INFO     ___FILE_ONLY___ ═
2024-12-05 14:23:23,773 INFO     ___FILE_ONLY___ ═
2024-12-05 14:23:23,786 INFO     ___FILE_ONLY___ ═
2024-12-05 14:23:23,798 INFO     ___FILE_ONLY___ ═
2024-12-05 14:23:23,811 INFO     ___FILE_ONLY___ ═
2024-12-05 14:23:23,824 INFO     ___FILE_ONLY___ ═
2024-12-05 14:23:23,837 INFO     ___FILE_ONLY___ ═
2024-12-05 14:23:23,850 INFO     ___FILE_ONLY___ ═
2024-12-05 14:23:23,863 INFO     ___FILE_ONLY___ ═
2024-12-05 14:23:23,875 INFO     ___FILE_ONLY___ ═
2024-12-05 14:23:23,887 INFO     ___FILE_ONLY___ ═
2024-12-05 14:23:23,900 INFO     ___FILE_ONLY___ ═
2024-12-05 14:23:23,913 INFO     ___FILE_ONLY___ ═
2024-12-05 14:23:23,925 INFO     ___FILE_ONLY___ ═
2024-12-05 14:23:23,938 INFO     ___FILE_ONLY___ ═
2024-12-05 14:23:23,953 INFO     ___FILE_ONLY___ ═
2024-12-05 14:23:23,966 INFO     ___FILE_ONLY___ ═
2024-12-05 14:23:23,978 INFO     ___FILE_ONLY___ ═
2024-12-05 14:23:23,991 INFO     ___FILE_ONLY___ ═
2024-12-05 14:23:24,003 INFO     ___FILE_ONLY___ ═
2024-12-05 14:23:24,016 INFO     ___FILE_ONLY___ ═
2024-12-05 14:23:24,028 INFO     ___FILE_ONLY___ ═
2024-12-05 14:23:24,041 INFO     ___FILE_ONLY___ ═
2024-12-05 14:23:24,054 INFO     ___FILE_ONLY___ ═
2024-12-05 14:23:24,067 INFO     ___FILE_ONLY___ ═
2024-12-05 14:23:24,079 INFO     ___FILE_ONLY___ ═
2024-12-05 14:23:24,091 INFO     ___FILE_ONLY___ ═
2024-12-05 14:23:24,105 INFO     ___FILE_ONLY___ ═
2024-12-05 14:23:24,118 INFO     ___FILE_ONLY___ ═
2024-12-05 14:23:24,132 INFO     ___FILE_ONLY___ ═
2024-12-05 14:23:24,144 INFO     ___FILE_ONLY___ ═
2024-12-05 14:23:24,157 INFO     ___FILE_ONLY___ ═
2024-12-05 14:23:24,169 INFO     ___FILE_ONLY___ ═
2024-12-05 14:23:24,182 INFO     ___FILE_ONLY___ ═
2024-12-05 14:23:24,195 INFO     ___FILE_ONLY___ ═
2024-12-05 14:23:24,947 INFO     ___FILE_ONLY___ ═
2024-12-05 14:23:24,974 INFO     ___FILE_ONLY___ ═
2024-12-05 14:23:24,999 INFO     ___FILE_ONLY___ ═
2024-12-05 14:23:25,020 INFO     ___FILE_ONLY___ ═
2024-12-05 14:23:25,041 INFO     ___FILE_ONLY___ ═
2024-12-05 14:23:25,184 INFO     ___FILE_ONLY___ ═
2024-12-05 14:23:25,214 INFO     ___FILE_ONLY___ ═
2024-12-05 14:23:25,233 INFO     ___FILE_ONLY___ ═
2024-12-05 14:23:25,250 INFO     ___FILE_ONLY___ ═
2024-12-05 14:23:25,270 INFO     ___FILE_ONLY___ ═
2024-12-05 14:23:25,301 INFO     ___FILE_ONLY___ ═
2024-12-05 14:23:25,323 INFO     ___FILE_ONLY___ ═
2024-12-05 14:23:25,342 INFO     ___FILE_ONLY___ ═
2024-12-05 14:23:25,357 INFO     ___FILE_ONLY___ ═
2024-12-05 14:23:25,452 INFO     ___FILE_ONLY___ ═
2024-12-05 14:23:25,472 INFO     ___FILE_ONLY___ ═
2024-12-05 14:23:25,493 INFO     ___FILE_ONLY___ ═
2024-12-05 14:23:25,512 INFO     ___FILE_ONLY___ ═
2024-12-05 14:23:25,557 INFO     ___FILE_ONLY___ ═
2024-12-05 14:23:25,930 INFO     ___FILE_ONLY___ ═
2024-12-05 14:23:25,949 INFO     ___FILE_ONLY___ ═
2024-12-05 14:23:25,971 INFO     ___FILE_ONLY___ ═
2024-12-05 14:23:25,989 INFO     ___FILE_ONLY___ ═
2024-12-05 14:23:26,363 INFO     ___FILE_ONLY___ ═
2024-12-05 14:23:26,363 INFO     ___FILE_ONLY___ ╝

2024-12-05 14:23:26,440 INFO     ___FILE_ONLY___ ╔════════════════════════════════════════════════════════════╗

2024-12-05 14:23:26,440 INFO     ___FILE_ONLY___ ╠═ Installing: Cloud Storage Command Line Tool              ═╣

2024-12-05 14:23:26,440 INFO     ___FILE_ONLY___ ╚
2024-12-05 14:23:27,070 INFO     ___FILE_ONLY___ ═
2024-12-05 14:23:27,085 INFO     ___FILE_ONLY___ ═
2024-12-05 14:23:27,105 INFO     ___FILE_ONLY___ ═
2024-12-05 14:23:27,124 INFO     ___FILE_ONLY___ ═
2024-12-05 14:23:27,138 INFO     ___FILE_ONLY___ ═
2024-12-05 14:23:27,147 INFO     ___FILE_ONLY___ ═
2024-12-05 14:23:27,156 INFO     ___FILE_ONLY___ ═
2024-12-05 14:23:27,166 INFO     ___FILE_ONLY___ ═
2024-12-05 14:23:27,176 INFO     ___FILE_ONLY___ ═
2024-12-05 14:23:27,185 INFO     ___FILE_ONLY___ ═
2024-12-05 14:23:27,196 INFO     ___FILE_ONLY___ ═
2024-12-05 14:23:27,208 INFO     ___FILE_ONLY___ ═
2024-12-05 14:23:27,219 INFO     ___FILE_ONLY___ ═
2024-12-05 14:23:27,230 INFO     ___FILE_ONLY___ ═
2024-12-05 14:23:27,242 INFO     ___FILE_ONLY___ ═
2024-12-05 14:23:27,255 INFO     ___FILE_ONLY___ ═
2024-12-05 14:23:27,270 INFO     ___FILE_ONLY___ ═
2024-12-05 14:23:27,283 INFO     ___FILE_ONLY___ ═
2024-12-05 14:23:27,296 INFO     ___FILE_ONLY___ ═
2024-12-05 14:23:27,310 INFO     ___FILE_ONLY___ ═
2024-12-05 14:23:27,324 INFO     ___FILE_ONLY___ ═
2024-12-05 14:23:27,340 INFO     ___FILE_ONLY___ ═
2024-12-05 14:23:27,353 INFO     ___FILE_ONLY___ ═
2024-12-05 14:23:27,364 INFO     ___FILE_ONLY___ ═
2024-12-05 14:23:27,379 INFO     ___FILE_ONLY___ ═
2024-12-05 14:23:27,394 INFO     ___FILE_ONLY___ ═
2024-12-05 14:23:27,411 INFO     ___FILE_ONLY___ ═
2024-12-05 14:23:27,431 INFO     ___FILE_ONLY___ ═
2024-12-05 14:23:27,452 INFO     ___FILE_ONLY___ ═
2024-12-05 14:23:27,466 INFO     ___FILE_ONLY___ ═
2024-12-05 14:23:27,475 INFO     ___FILE_ONLY___ ═
2024-12-05 14:23:27,487 INFO     ___FILE_ONLY___ ═
2024-12-05 14:23:27,498 INFO     ___FILE_ONLY___ ═
2024-12-05 14:23:27,507 INFO     ___FILE_ONLY___ ═
2024-12-05 14:23:27,519 INFO     ___FILE_ONLY___ ═
2024-12-05 14:23:27,532 INFO     ___FILE_ONLY___ ═
2024-12-05 14:23:27,543 INFO     ___FILE_ONLY___ ═
2024-12-05 14:23:27,552 INFO     ___FILE_ONLY___ ═
2024-12-05 14:23:27,562 INFO     ___FILE_ONLY___ ═
2024-12-05 14:23:27,574 INFO     ___FILE_ONLY___ ═
2024-12-05 14:23:27,609 INFO     ___FILE_ONLY___ ═
2024-12-05 14:23:27,625 INFO     ___FILE_ONLY___ ═
2024-12-05 14:23:27,636 INFO     ___FILE_ONLY___ ═
2024-12-05 14:23:27,648 INFO     ___FILE_ONLY___ ═
2024-12-05 14:23:27,658 INFO     ___FILE_ONLY___ ═
2024-12-05 14:23:27,668 INFO     ___FILE_ONLY___ ═
2024-12-05 14:23:27,678 INFO     ___FILE_ONLY___ ═
2024-12-05 14:23:27,690 INFO     ___FILE_ONLY___ ═
2024-12-05 14:23:27,709 INFO     ___FILE_ONLY___ ═
2024-12-05 14:23:27,721 INFO     ___FILE_ONLY___ ═
2024-12-05 14:23:27,732 INFO     ___FILE_ONLY___ ═
2024-12-05 14:23:27,740 INFO     ___FILE_ONLY___ ═
2024-12-05 14:23:27,755 INFO     ___FILE_ONLY___ ═
2024-12-05 14:23:27,767 INFO     ___FILE_ONLY___ ═
2024-12-05 14:23:27,780 INFO     ___FILE_ONLY___ ═
2024-12-05 14:23:27,797 INFO     ___FILE_ONLY___ ═
2024-12-05 14:23:27,809 INFO     ___FILE_ONLY___ ═
2024-12-05 14:23:27,821 INFO     ___FILE_ONLY___ ═
2024-12-05 14:23:27,830 INFO     ___FILE_ONLY___ ═
2024-12-05 14:23:27,840 INFO     ___FILE_ONLY___ ═
2024-12-05 14:23:27,840 INFO     ___FILE_ONLY___ ╝

2024-12-05 14:23:27,890 INFO     ___FILE_ONLY___ ╔════════════════════════════════════════════════════════════╗

2024-12-05 14:23:27,890 INFO     ___FILE_ONLY___ ╠═ Installing: Cloud Storage Command Line Tool (Platform... ═╣

2024-12-05 14:23:27,890 INFO     ___FILE_ONLY___ ╚
2024-12-05 14:23:27,892 INFO     ___FILE_ONLY___ ════════════════════════════════════════════════════════════
2024-12-05 14:23:27,892 INFO     ___FILE_ONLY___ ╝

2024-12-05 14:23:27,899 INFO     ___FILE_ONLY___ ╔════════════════════════════════════════════════════════════╗

2024-12-05 14:23:27,899 INFO     ___FILE_ONLY___ ╠═ Installing: Default set of gcloud commands               ═╣

2024-12-05 14:23:27,899 INFO     ___FILE_ONLY___ ╚
2024-12-05 14:23:27,904 INFO     ___FILE_ONLY___ ════════════════════════════════════════════════════════════
2024-12-05 14:23:27,904 INFO     ___FILE_ONLY___ ╝

2024-12-05 14:23:27,906 INFO     ___FILE_ONLY___ ╔════════════════════════════════════════════════════════════╗

2024-12-05 14:23:27,906 INFO     ___FILE_ONLY___ ╠═ Installing: Google Cloud CLI Core Libraries (Platform... ═╣

2024-12-05 14:23:27,906 INFO     ___FILE_ONLY___ ╚
2024-12-05 14:23:27,907 INFO     ___FILE_ONLY___ ══════════════════════════════
2024-12-05 14:23:27,907 INFO     ___FILE_ONLY___ ══════════════════════════════
2024-12-05 14:23:27,907 INFO     ___FILE_ONLY___ ╝

2024-12-05 14:23:27,914 INFO     ___FILE_ONLY___ ╔════════════════════════════════════════════════════════════╗

2024-12-05 14:23:27,914 INFO     ___FILE_ONLY___ ╠═ Installing: Google Cloud CRC32C Hash Tool                ═╣

2024-12-05 14:23:27,914 INFO     ___FILE_ONLY___ ╚
2024-12-05 14:23:27,919 INFO     ___FILE_ONLY___ ════════════════════════════════════════════════════════════
2024-12-05 14:23:27,919 INFO     ___FILE_ONLY___ ╝

2024-12-05 14:23:27,921 INFO     ___FILE_ONLY___ ╔════════════════════════════════════════════════════════════╗

2024-12-05 14:23:27,921 INFO     ___FILE_ONLY___ ╠═ Installing: Google Cloud CRC32C Hash Tool (Platform S... ═╣

2024-12-05 14:23:27,921 INFO     ___FILE_ONLY___ ╚
2024-12-05 14:23:27,957 INFO     ___FILE_ONLY___ ══════════════════════════════
2024-12-05 14:23:27,957 INFO     ___FILE_ONLY___ ══════════════════════════════
2024-12-05 14:23:27,958 INFO     ___FILE_ONLY___ ╝

2024-12-05 14:23:27,965 INFO     ___FILE_ONLY___ ╔════════════════════════════════════════════════════════════╗

2024-12-05 14:23:27,965 INFO     ___FILE_ONLY___ ╠═ Installing: gcloud cli dependencies (Platform Specific)  ═╣

2024-12-05 14:23:27,965 INFO     ___FILE_ONLY___ ╚
2024-12-05 14:23:27,965 INFO     ___FILE_ONLY___ ════════════════════════════════════════════════════════════
2024-12-05 14:23:27,965 INFO     ___FILE_ONLY___ ╝

2024-12-05 14:23:27,973 DEBUG    root            Updating notification cache...
2024-12-05 14:23:27,973 INFO     ___FILE_ONLY___ 

2024-12-05 14:23:27,976 INFO     ___FILE_ONLY___ Performing post processing steps...
2024-12-05 14:23:27,976 DEBUG    root            Executing command: ['/tools/google-cloud-sdk/bin/gcloud', 'components', 'post-process']
2024-12-05 14:23:38,586 DEBUG    ___FILE_ONLY___ 
2024-12-05 14:23:38,586 DEBUG    ___FILE_ONLY___ 
2024-12-05 14:23:38,765 INFO     ___FILE_ONLY___ 
Update done!


2024-12-05 14:23:38,768 DEBUG    root            Chosen display Format:none
2024-12-05 14:23:38,768 INFO     root            Display format: "none"
